[debug] [2022-05-08T17:39:15.061Z] ----------------------------------------------------------------------
[debug] [2022-05-08T17:39:15.063Z] Command:       C:\Program Files\nodejs\node.exe C:\Users\Muhammad Asif\AppData\Roaming\npm\node_modules\firebase-tools\lib\bin\firebase.js deploy
[debug] [2022-05-08T17:39:15.064Z] CLI Version:   10.7.1
[debug] [2022-05-08T17:39:15.064Z] Platform:      win32
[debug] [2022-05-08T17:39:15.064Z] Node Version:  v16.14.2
[debug] [2022-05-08T17:39:15.065Z] Time:          Sun May 08 2022 23:39:15 GMT+0600 (Bangladesh Standard Time)
[debug] [2022-05-08T17:39:15.065Z] ----------------------------------------------------------------------
[debug] 
[debug] [2022-05-08T17:39:15.121Z] > command requires scopes: ["email","openid","https://www.googleapis.com/auth/cloudplatformprojects.readonly","https://www.googleapis.com/auth/firebase","https://www.googleapis.com/auth/cloud-platform"]
[debug] [2022-05-08T17:39:15.121Z] > authorizing via signed-in user (muhammadasif2m@gmail.com)
[debug] [2022-05-08T17:39:15.121Z] [iam] checking project pc-house-32c57 for permissions ["firebase.projects.get","firebasehosting.sites.update"]
[debug] [2022-05-08T17:39:15.123Z] > refreshing access token with scopes: []
[debug] [2022-05-08T17:39:15.123Z] >>> HTTP REQUEST POST https://www.googleapis.com/oauth2/v3/token  
 <request body omitted>
[debug] [2022-05-08T17:39:15.141Z] [iam] error while checking permissions, command may fail: FirebaseError: Authentication Error: Your credentials are no longer valid. Please run firebase login --reauth

For CI servers and headless environments, generate a new token with firebase login:ci
[debug] [2022-05-08T17:39:15.141Z] > refreshing access token with scopes: []
[debug] [2022-05-08T17:39:15.141Z] >>> HTTP REQUEST POST https://www.googleapis.com/oauth2/v3/token  
 <request body omitted>
[debug] [2022-05-08T17:39:15.145Z] Authentication Error: Your credentials are no longer valid. Please run firebase login --reauth

For CI servers and headless environments, generate a new token with firebase login:ci
[debug] [2022-05-08T17:39:15.148Z] FirebaseError: Authentication Error: Your credentials are no longer valid. Please run firebase login --reauth

For CI servers and headless environments, generate a new token with firebase login:ci
    at invalidCredentialError (C:\Users\Muhammad Asif\AppData\Roaming\npm\node_modules\firebase-tools\lib\auth.js:145:12)
    at refreshTokens (C:\Users\Muhammad Asif\AppData\Roaming\npm\node_modules\firebase-tools\lib\auth.js:485:15)
    at processTicksAndRejections (node:internal/process/task_queues:96:5)
    at async Client.getAccessToken (C:\Users\Muhammad Asif\AppData\Roaming\npm\node_modules\firebase-tools\lib\apiv2.js:147:23)
    at async Client.addAuthHeader (C:\Users\Muhammad Asif\AppData\Roaming\npm\node_modules\firebase-tools\lib\apiv2.js:138:21)
    at async Client.request (C:\Users\Muhammad Asif\AppData\Roaming\npm\node_modules\firebase-tools\lib\apiv2.js:94:34)
    at async getFirebaseProject (C:\Users\Muhammad Asif\AppData\Roaming\npm\node_modules\firebase-tools\lib\management\projects.js:290:21)
    at async getDefaultHostingSite (C:\Users\Muhammad Asif\AppData\Roaming\npm\node_modules\firebase-tools\lib\getDefaultHostingSite.js:8:21)
    at async requireHostingSite (C:\Users\Muhammad Asif\AppData\Roaming\npm\node_modules\firebase-tools\lib\requireHostingSite.js:9:18)
    at async Object.fn (C:\Users\Muhammad Asif\AppData\Roaming\npm\node_modules\firebase-tools\lib\commands\deploy.js:73:9)
    at async C:\Users\Muhammad Asif\AppData\Roaming\npm\node_modules\firebase-tools\lib\command.js:188:17
[error] 
[error] Error: Failed to get Firebase project pc-house-32c57. Please make sure the project exists and your account has permission to access it.
[debug] [2022-05-08T17:39:53.191Z] ----------------------------------------------------------------------
[debug] [2022-05-08T17:39:53.193Z] Command:       C:\Program Files\nodejs\node.exe C:\Users\Muhammad Asif\AppData\Roaming\npm\node_modules\firebase-tools\lib\bin\firebase.js deploy
[debug] [2022-05-08T17:39:53.193Z] CLI Version:   10.7.1
[debug] [2022-05-08T17:39:53.193Z] Platform:      win32
[debug] [2022-05-08T17:39:53.194Z] Node Version:  v16.14.2
[debug] [2022-05-08T17:39:53.194Z] Time:          Sun May 08 2022 23:39:53 GMT+0600 (Bangladesh Standard Time)
[debug] [2022-05-08T17:39:53.194Z] ----------------------------------------------------------------------
[debug] 
[debug] [2022-05-08T17:39:53.250Z] > command requires scopes: ["email","openid","https://www.googleapis.com/auth/cloudplatformprojects.readonly","https://www.googleapis.com/auth/firebase","https://www.googleapis.com/auth/cloud-platform"]
[debug] [2022-05-08T17:39:53.251Z] > authorizing via signed-in user (muhammadasif2m@gmail.com)
[debug] [2022-05-08T17:39:53.251Z] [iam] checking project pc-house-32c57 for permissions ["firebase.projects.get","firebasehosting.sites.update"]
[debug] [2022-05-08T17:39:53.252Z] > refreshing access token with scopes: []
[debug] [2022-05-08T17:39:53.252Z] >>> HTTP REQUEST POST https://www.googleapis.com/oauth2/v3/token  
 <request body omitted>
[debug] [2022-05-08T17:39:53.269Z] [iam] error while checking permissions, command may fail: FirebaseError: Authentication Error: Your credentials are no longer valid. Please run firebase login --reauth

For CI servers and headless environments, generate a new token with firebase login:ci
[debug] [2022-05-08T17:39:53.270Z] > refreshing access token with scopes: []
[debug] [2022-05-08T17:39:53.270Z] >>> HTTP REQUEST POST https://www.googleapis.com/oauth2/v3/token  
 <request body omitted>
[debug] [2022-05-08T17:39:53.273Z] Authentication Error: Your credentials are no longer valid. Please run firebase login --reauth

For CI servers and headless environments, generate a new token with firebase login:ci
[debug] [2022-05-08T17:39:53.276Z] FirebaseError: Authentication Error: Your credentials are no longer valid. Please run firebase login --reauth

For CI servers and headless environments, generate a new token with firebase login:ci
    at invalidCredentialError (C:\Users\Muhammad Asif\AppData\Roaming\npm\node_modules\firebase-tools\lib\auth.js:145:12)
    at refreshTokens (C:\Users\Muhammad Asif\AppData\Roaming\npm\node_modules\firebase-tools\lib\auth.js:485:15)
    at processTicksAndRejections (node:internal/process/task_queues:96:5)
    at async Client.getAccessToken (C:\Users\Muhammad Asif\AppData\Roaming\npm\node_modules\firebase-tools\lib\apiv2.js:147:23)
    at async Client.addAuthHeader (C:\Users\Muhammad Asif\AppData\Roaming\npm\node_modules\firebase-tools\lib\apiv2.js:138:21)
    at async Client.request (C:\Users\Muhammad Asif\AppData\Roaming\npm\node_modules\firebase-tools\lib\apiv2.js:94:34)
    at async getFirebaseProject (C:\Users\Muhammad Asif\AppData\Roaming\npm\node_modules\firebase-tools\lib\management\projects.js:290:21)
    at async getDefaultHostingSite (C:\Users\Muhammad Asif\AppData\Roaming\npm\node_modules\firebase-tools\lib\getDefaultHostingSite.js:8:21)
    at async requireHostingSite (C:\Users\Muhammad Asif\AppData\Roaming\npm\node_modules\firebase-tools\lib\requireHostingSite.js:9:18)
    at async Object.fn (C:\Users\Muhammad Asif\AppData\Roaming\npm\node_modules\firebase-tools\lib\commands\deploy.js:73:9)
    at async C:\Users\Muhammad Asif\AppData\Roaming\npm\node_modules\firebase-tools\lib\command.js:188:17
[error] 
[error] Error: Failed to get Firebase project pc-house-32c57. Please make sure the project exists and your account has permission to access it.
